[2021-04-17 02:58:50] local.INFO: Entering MiddleWareService in handle() at path: /  
[2021-04-17 02:58:50] local.INFO: Security middleware in handle()... no security Required  
[2021-04-17 02:58:50] local.INFO: This is the session in middleware:   
[2021-04-17 02:58:50] local.INFO: This is the session username:   
[2021-04-17 02:58:53] local.INFO: Entering MiddleWareService in handle() at path: login  
[2021-04-17 02:58:53] local.INFO: Security middleware in handle()... no security Required  
[2021-04-17 02:58:53] local.INFO: This is the session in middleware:   
[2021-04-17 02:58:53] local.INFO: This is the session username:   
[2021-04-17 02:58:53] local.INFO: Entering the loginController userLogin()  
[2021-04-17 02:58:53] local.INFO: userLogin method within UserAuthController was executed  
[2021-04-17 02:58:53] local.INFO: User exists in the database  
[2021-04-17 02:58:53] local.INFO: Parameters are :  {"username: ":"Alex","userID: ":"24","email: ":"alex.vergara009@gmail.com"} 
[2021-04-17 02:58:56] local.INFO: Entering MiddleWareService in handle() at path: adminViewGroup  
[2021-04-17 02:58:56] local.INFO: Security Middleware in handle()... needs security  
[2021-04-17 02:58:56] local.INFO: This is the session in middleware:   
[2021-04-17 02:58:56] local.INFO: This is the session username: Alex  
[2021-04-17 02:58:56] local.INFO: Entering the AdminManagementController adminViewGroups()  
[2021-04-17 02:58:56] local.INFO: getAllGroup method within GroupController was executed  
[2021-04-17 02:58:58] local.INFO: Entering MiddleWareService in handle() at path: getGroupList  
[2021-04-17 02:58:58] local.INFO: Security Middleware in handle()... needs security  
[2021-04-17 02:58:58] local.INFO: This is the session in middleware:   
[2021-04-17 02:58:58] local.INFO: This is the session username: Alex  
[2021-04-17 02:58:58] local.INFO: Entering the GroupController GetGroupList()  
[2021-04-17 02:58:58] local.INFO: getJoinedGroup method within GroupController was executed  
[2021-04-17 02:59:01] local.INFO: Entering MiddleWareService in handle() at path: readJobPosting  
[2021-04-17 02:59:01] local.INFO: Security Middleware in handle()... needs security  
[2021-04-17 02:59:01] local.INFO: This is the session in middleware:   
[2021-04-17 02:59:01] local.INFO: This is the session username: Alex  
[2021-04-17 02:59:01] local.INFO: Entering the JobPostingController readAllJobPosting()  
[2021-04-17 02:59:01] local.INFO: read method within JobPostingController was executed  
[2021-04-17 02:59:01] local.ERROR: Undefined variable: JobHistoryModel (View: C:\Users\Alexv\Documents\1.LaravelWorkspace\MilestonePHP3\resources\views\ReadJobPosting.blade.php) {"exception":"[object] (ErrorException(code: 0): Undefined variable: JobHistoryModel (View: C:\\Users\\Alexv\\Documents\\1.LaravelWorkspace\\MilestonePHP3\esources\\views\\ReadJobPosting.blade.php) at C:\\Users\\Alexv\\Documents\\1.LaravelWorkspace\\MilestonePHP3\\storage\\framework\\views\\0b0cbe96fccde2ed47494b7d156d5a1258585a47.php:44, ErrorException(code: 0): Undefined variable: JobHistoryModel at C:\\Users\\Alexv\\Documents\\1.LaravelWorkspace\\MilestonePHP3\\storage\\framework\\views\\0b0cbe96fccde2ed47494b7d156d5a1258585a47.php:44)
[stacktrace]
#0 C:\\MAMP\\htdocs\\MilestonePHP3\\vendor\\laravel\\framework\\src\\Illuminate\\View\\Engines\\PhpEngine.php(45): Illuminate\\View\\Engines\\CompilerEngine->handleViewException(Object(ErrorException), 2)
#1 C:\\MAMP\\htdocs\\MilestonePHP3\\vendor\\laravel\\framework\\src\\Illuminate\\View\\Engines\\CompilerEngine.php(59): Illuminate\\View\\Engines\\PhpEngine->evaluatePath('C:\\\\Users\\\\Alexv\\\\...', Array)
#2 C:\\MAMP\\htdocs\\MilestonePHP3\\vendor\\laravel\\framework\\src\\Illuminate\\View\\View.php(142): Illuminate\\View\\Engines\\CompilerEngine->get('C:\\\\Users\\\\Alexv\\\\...', Array)
#3 C:\\MAMP\\htdocs\\MilestonePHP3\\vendor\\laravel\\framework\\src\\Illuminate\\View\\View.php(125): Illuminate\\View\\View->getContents()
#4 C:\\MAMP\\htdocs\\MilestonePHP3\\vendor\\laravel\\framework\\src\\Illuminate\\View\\View.php(90): Illuminate\\View\\View->renderContents()
#5 C:\\MAMP\\htdocs\\MilestonePHP3\\vendor\\laravel\\framework\\src\\Illuminate\\Http\\Response.php(42): Illuminate\\View\\View->render()
#6 C:\\MAMP\\htdocs\\MilestonePHP3\\vendor\\symfony\\http-foundation\\Response.php(205): Illuminate\\Http\\Response->setContent(Object(Illuminate\\View\\View))
#7 C:\\MAMP\\htdocs\\MilestonePHP3\\vendor\\laravel\\framework\\src\\Illuminate\\Routing\\Router.php(748): Symfony\\Component\\HttpFoundation\\Response->__construct(Object(Illuminate\\View\\View))
#8 C:\\MAMP\\htdocs\\MilestonePHP3\\vendor\\laravel\\framework\\src\\Illuminate\\Routing\\Router.php(720): Illuminate\\Routing\\Router::toResponse(Object(Illuminate\\Http\\Request), Object(Illuminate\\View\\View))
#9 C:\\MAMP\\htdocs\\MilestonePHP3\\vendor\\laravel\\framework\\src\\Illuminate\\Routing\\Router.php(680): Illuminate\\Routing\\Router->prepareResponse(Object(Illuminate\\Http\\Request), Object(Illuminate\\View\\View))
#10 C:\\MAMP\\htdocs\\MilestonePHP3\\vendor\\laravel\\framework\\src\\Illuminate\\Routing\\Pipeline.php(30): Illuminate\\Routing\\Router->Illuminate\\Routing\\{closure}(Object(Illuminate\\Http\\Request))
#11 C:\\MAMP\\htdocs\\MilestonePHP3\\app\\Http\\Middleware\\MiddlewareService.php(49): Illuminate\\Routing\\Pipeline->Illuminate\\Routing\\{closure}(Object(Illuminate\\Http\\Request))
#12 C:\\MAMP\\htdocs\\MilestonePHP3\\vendor\\laravel\\framework\\src\\Illuminate\\Pipeline\\Pipeline.php(163): App\\Http\\Middleware\\MiddlewareService->handle(Object(Illuminate\\Http\\Request), Object(Closure))
#13 C:\\MAMP\\htdocs\\MilestonePHP3\\vendor\\laravel\\framework\\src\\Illuminate\\Routing\\Pipeline.php(53): Illuminate\\Pipeline\\Pipeline->Illuminate\\Pipeline\\{closure}(Object(Illuminate\\Http\\Request))
#14 C:\\MAMP\\htdocs\\MilestonePHP3\\vendor\\laravel\\framework\\src\\Illuminate\\Routing\\Middleware\\SubstituteBindings.php(41): Illuminate\\Routing\\Pipeline->Illuminate\\Routing\\{closure}(Object(Illuminate\\Http\\Request))
#15 C:\\MAMP\\htdocs\\MilestonePHP3\\vendor\\laravel\\framework\\src\\Illuminate\\Pipeline\\Pipeline.php(163): Illuminate\\Routing\\Middleware\\SubstituteBindings->handle(Object(Illuminate\\Http\\Request), Object(Closure))
#16 C:\\MAMP\\htdocs\\MilestonePHP3\\vendor\\laravel\\framework\\src\\Illuminate\\Routing\\Pipeline.php(53): Illuminate\\Pipeline\\Pipeline->Illuminate\\Pipeline\\{closure}(Object(Illuminate\\Http\\Request))
#17 C:\\MAMP\\htdocs\\MilestonePHP3\\vendor\\laravel\\framework\\src\\Illuminate\\Foundation\\Http\\Middleware\\VerifyCsrfToken.php(75): Illuminate\\Routing\\Pipeline->Illuminate\\Routing\\{closure}(Object(Illuminate\\Http\\Request))
#18 C:\\MAMP\\htdocs\\MilestonePHP3\\vendor\\laravel\\framework\\src\\Illuminate\\Pipeline\\Pipeline.php(163): Illuminate\\Foundation\\Http\\Middleware\\VerifyCsrfToken->handle(Object(Illuminate\\Http\\Request), Object(Closure))
#19 C:\\MAMP\\htdocs\\MilestonePHP3\\vendor\\laravel\\framework\\src\\Illuminate\\Routing\\Pipeline.php(53): Illuminate\\Pipeline\\Pipeline->Illuminate\\Pipeline\\{closure}(Object(Illuminate\\Http\\Request))
#20 C:\\MAMP\\htdocs\\MilestonePHP3\\vendor\\laravel\\framework\\src\\Illuminate\\View\\Middleware\\ShareErrorsFromSession.php(49): Illuminate\\Routing\\Pipeline->Illuminate\\Routing\\{closure}(Object(Illuminate\\Http\\Request))
#21 C:\\MAMP\\htdocs\\MilestonePHP3\\vendor\\laravel\\framework\\src\\Illuminate\\Pipeline\\Pipeline.php(163): Illuminate\\View\\Middleware\\ShareErrorsFromSession->handle(Object(Illuminate\\Http\\Request), Object(Closure))
#22 C:\\MAMP\\htdocs\\MilestonePHP3\\vendor\\laravel\\framework\\src\\Illuminate\\Routing\\Pipeline.php(53): Illuminate\\Pipeline\\Pipeline->Illuminate\\Pipeline\\{closure}(Object(Illuminate\\Http\\Request))
#23 C:\\MAMP\\htdocs\\MilestonePHP3\\vendor\\laravel\\framework\\src\\Illuminate\\Session\\Middleware\\StartSession.php(56): Illuminate\\Routing\\Pipeline->Illuminate\\Routing\\{closure}(Object(Illuminate\\Http\\Request))
#24 C:\\MAMP\\htdocs\\MilestonePHP3\\vendor\\laravel\\framework\\src\\Illuminate\\Pipeline\\Pipeline.php(163): Illuminate\\Session\\Middleware\\StartSession->handle(Object(Illuminate\\Http\\Request), Object(Closure))
#25 C:\\MAMP\\htdocs\\MilestonePHP3\\vendor\\laravel\\framework\\src\\Illuminate\\Routing\\Pipeline.php(53): Illuminate\\Pipeline\\Pipeline->Illuminate\\Pipeline\\{closure}(Object(Illuminate\\Http\\Request))
#26 C:\\MAMP\\htdocs\\MilestonePHP3\\vendor\\laravel\\framework\\src\\Illuminate\\Cookie\\Middleware\\AddQueuedCookiesToResponse.php(37): Illuminate\\Routing\\Pipeline->Illuminate\\Routing\\{closure}(Object(Illuminate\\Http\\Request))
#27 C:\\MAMP\\htdocs\\MilestonePHP3\\vendor\\laravel\\framework\\src\\Illuminate\\Pipeline\\Pipeline.php(163): Illuminate\\Cookie\\Middleware\\AddQueuedCookiesToResponse->handle(Object(Illuminate\\Http\\Request), Object(Closure))
#28 C:\\MAMP\\htdocs\\MilestonePHP3\\vendor\\laravel\\framework\\src\\Illuminate\\Routing\\Pipeline.php(53): Illuminate\\Pipeline\\Pipeline->Illuminate\\Pipeline\\{closure}(Object(Illuminate\\Http\\Request))
#29 C:\\MAMP\\htdocs\\MilestonePHP3\\vendor\\laravel\\framework\\src\\Illuminate\\Cookie\\Middleware\\EncryptCookies.php(66): Illuminate\\Routing\\Pipeline->Illuminate\\Routing\\{closure}(Object(Illuminate\\Http\\Request))
#30 C:\\MAMP\\htdocs\\MilestonePHP3\\vendor\\laravel\\framework\\src\\Illuminate\\Pipeline\\Pipeline.php(163): Illuminate\\Cookie\\Middleware\\EncryptCookies->handle(Object(Illuminate\\Http\\Request), Object(Closure))
#31 C:\\MAMP\\htdocs\\MilestonePHP3\\vendor\\laravel\\framework\\src\\Illuminate\\Routing\\Pipeline.php(53): Illuminate\\Pipeline\\Pipeline->Illuminate\\Pipeline\\{closure}(Object(Illuminate\\Http\\Request))
#32 C:\\MAMP\\htdocs\\MilestonePHP3\\vendor\\laravel\\framework\\src\\Illuminate\\Pipeline\\Pipeline.php(104): Illuminate\\Routing\\Pipeline->Illuminate\\Routing\\{closure}(Object(Illuminate\\Http\\Request))
#33 C:\\MAMP\\htdocs\\MilestonePHP3\\vendor\\laravel\\framework\\src\\Illuminate\\Routing\\Router.php(682): Illuminate\\Pipeline\\Pipeline->then(Object(Closure))
#34 C:\\MAMP\\htdocs\\MilestonePHP3\\vendor\\laravel\\framework\\src\\Illuminate\\Routing\\Router.php(657): Illuminate\\Routing\\Router->runRouteWithinStack(Object(Illuminate\\Routing\\Route), Object(Illuminate\\Http\\Request))
#35 C:\\MAMP\\htdocs\\MilestonePHP3\\vendor\\laravel\\framework\\src\\Illuminate\\Routing\\Router.php(623): Illuminate\\Routing\\Router->runRoute(Object(Illuminate\\Http\\Request), Object(Illuminate\\Routing\\Route))
#36 C:\\MAMP\\htdocs\\MilestonePHP3\\vendor\\laravel\\framework\\src\\Illuminate\\Routing\\Router.php(612): Illuminate\\Routing\\Router->dispatchToRoute(Object(Illuminate\\Http\\Request))
#37 C:\\MAMP\\htdocs\\MilestonePHP3\\vendor\\laravel\\framework\\src\\Illuminate\\Foundation\\Http\\Kernel.php(176): Illuminate\\Routing\\Router->dispatch(Object(Illuminate\\Http\\Request))
#38 C:\\MAMP\\htdocs\\MilestonePHP3\\vendor\\laravel\\framework\\src\\Illuminate\\Routing\\Pipeline.php(30): Illuminate\\Foundation\\Http\\Kernel->Illuminate\\Foundation\\Http\\{closure}(Object(Illuminate\\Http\\Request))
#39 C:\\MAMP\\htdocs\\MilestonePHP3\\vendor\\laravel\\framework\\src\\Illuminate\\Foundation\\Http\\Middleware\\TransformsRequest.php(21): Illuminate\\Routing\\Pipeline->Illuminate\\Routing\\{closure}(Object(Illuminate\\Http\\Request))
#40 C:\\MAMP\\htdocs\\MilestonePHP3\\vendor\\laravel\\framework\\src\\Illuminate\\Pipeline\\Pipeline.php(163): Illuminate\\Foundation\\Http\\Middleware\\TransformsRequest->handle(Object(Illuminate\\Http\\Request), Object(Closure))
#41 C:\\MAMP\\htdocs\\MilestonePHP3\\vendor\\laravel\\framework\\src\\Illuminate\\Routing\\Pipeline.php(53): Illuminate\\Pipeline\\Pipeline->Illuminate\\Pipeline\\{closure}(Object(Illuminate\\Http\\Request))
#42 C:\\MAMP\\htdocs\\MilestonePHP3\\vendor\\laravel\\framework\\src\\Illuminate\\Foundation\\Http\\Middleware\\TransformsRequest.php(21): Illuminate\\Routing\\Pipeline->Illuminate\\Routing\\{closure}(Object(Illuminate\\Http\\Request))
#43 C:\\MAMP\\htdocs\\MilestonePHP3\\vendor\\laravel\\framework\\src\\Illuminate\\Pipeline\\Pipeline.php(163): Illuminate\\Foundation\\Http\\Middleware\\TransformsRequest->handle(Object(Illuminate\\Http\\Request), Object(Closure))
#44 C:\\MAMP\\htdocs\\MilestonePHP3\\vendor\\laravel\\framework\\src\\Illuminate\\Routing\\Pipeline.php(53): Illuminate\\Pipeline\\Pipeline->Illuminate\\Pipeline\\{closure}(Object(Illuminate\\Http\\Request))
#45 C:\\MAMP\\htdocs\\MilestonePHP3\\vendor\\laravel\\framework\\src\\Illuminate\\Foundation\\Http\\Middleware\\ValidatePostSize.php(27): Illuminate\\Routing\\Pipeline->Illuminate\\Routing\\{closure}(Object(Illuminate\\Http\\Request))
#46 C:\\MAMP\\htdocs\\MilestonePHP3\\vendor\\laravel\\framework\\src\\Illuminate\\Pipeline\\Pipeline.php(163): Illuminate\\Foundation\\Http\\Middleware\\ValidatePostSize->handle(Object(Illuminate\\Http\\Request), Object(Closure))
#47 C:\\MAMP\\htdocs\\MilestonePHP3\\vendor\\laravel\\framework\\src\\Illuminate\\Routing\\Pipeline.php(53): Illuminate\\Pipeline\\Pipeline->Illuminate\\Pipeline\\{closure}(Object(Illuminate\\Http\\Request))
#48 C:\\MAMP\\htdocs\\MilestonePHP3\\vendor\\laravel\\framework\\src\\Illuminate\\Foundation\\Http\\Middleware\\CheckForMaintenanceMode.php(62): Illuminate\\Routing\\Pipeline->Illuminate\\Routing\\{closure}(Object(Illuminate\\Http\\Request))
#49 C:\\MAMP\\htdocs\\MilestonePHP3\\vendor\\laravel\\framework\\src\\Illuminate\\Pipeline\\Pipeline.php(163): Illuminate\\Foundation\\Http\\Middleware\\CheckForMaintenanceMode->handle(Object(Illuminate\\Http\\Request), Object(Closure))
#50 C:\\MAMP\\htdocs\\MilestonePHP3\\vendor\\laravel\\framework\\src\\Illuminate\\Routing\\Pipeline.php(53): Illuminate\\Pipeline\\Pipeline->Illuminate\\Pipeline\\{closure}(Object(Illuminate\\Http\\Request))
#51 C:\\MAMP\\htdocs\\MilestonePHP3\\vendor\\fideloper\\proxy\\src\\TrustProxies.php(57): Illuminate\\Routing\\Pipeline->Illuminate\\Routing\\{closure}(Object(Illuminate\\Http\\Request))
#52 C:\\MAMP\\htdocs\\MilestonePHP3\\vendor\\laravel\\framework\\src\\Illuminate\\Pipeline\\Pipeline.php(163): Fideloper\\Proxy\\TrustProxies->handle(Object(Illuminate\\Http\\Request), Object(Closure))
#53 C:\\MAMP\\htdocs\\MilestonePHP3\\vendor\\laravel\\framework\\src\\Illuminate\\Routing\\Pipeline.php(53): Illuminate\\Pipeline\\Pipeline->Illuminate\\Pipeline\\{closure}(Object(Illuminate\\Http\\Request))
#54 C:\\MAMP\\htdocs\\MilestonePHP3\\vendor\\laravel\\framework\\src\\Illuminate\\Pipeline\\Pipeline.php(104): Illuminate\\Routing\\Pipeline->Illuminate\\Routing\\{closure}(Object(Illuminate\\Http\\Request))
#55 C:\\MAMP\\htdocs\\MilestonePHP3\\vendor\\laravel\\framework\\src\\Illuminate\\Foundation\\Http\\Kernel.php(151): Illuminate\\Pipeline\\Pipeline->then(Object(Closure))
#56 C:\\MAMP\\htdocs\\MilestonePHP3\\vendor\\laravel\\framework\\src\\Illuminate\\Foundation\\Http\\Kernel.php(116): Illuminate\\Foundation\\Http\\Kernel->sendRequestThroughRouter(Object(Illuminate\\Http\\Request))
#57 C:\\MAMP\\htdocs\\MilestonePHP3\\public\\index.php(55): Illuminate\\Foundation\\Http\\Kernel->handle(Object(Illuminate\\Http\\Request))
#58 {main}
"} 
[2021-04-17 02:59:49] local.INFO: Entering MiddleWareService in handle() at path: readJobPosting  
[2021-04-17 02:59:49] local.INFO: Security Middleware in handle()... needs security  
[2021-04-17 02:59:49] local.INFO: This is the session in middleware:   
[2021-04-17 02:59:49] local.INFO: This is the session username: Alex  
[2021-04-17 02:59:49] local.INFO: Entering the JobPostingController readAllJobPosting()  
[2021-04-17 02:59:49] local.INFO: read method within JobPostingController was executed  
[2021-04-17 02:59:50] local.ERROR: Undefined variable: JobHistoryModel (View: C:\Users\Alexv\Documents\1.LaravelWorkspace\MilestonePHP3\resources\views\ReadJobPosting.blade.php) {"exception":"[object] (ErrorException(code: 0): Undefined variable: JobHistoryModel (View: C:\\Users\\Alexv\\Documents\\1.LaravelWorkspace\\MilestonePHP3\esources\\views\\ReadJobPosting.blade.php) at C:\\Users\\Alexv\\Documents\\1.LaravelWorkspace\\MilestonePHP3\\storage\\framework\\views\\0b0cbe96fccde2ed47494b7d156d5a1258585a47.php:44, ErrorException(code: 0): Undefined variable: JobHistoryModel at C:\\Users\\Alexv\\Documents\\1.LaravelWorkspace\\MilestonePHP3\\storage\\framework\\views\\0b0cbe96fccde2ed47494b7d156d5a1258585a47.php:44)
[stacktrace]
#0 C:\\MAMP\\htdocs\\MilestonePHP3\\vendor\\laravel\\framework\\src\\Illuminate\\View\\Engines\\PhpEngine.php(45): Illuminate\\View\\Engines\\CompilerEngine->handleViewException(Object(ErrorException), 2)
#1 C:\\MAMP\\htdocs\\MilestonePHP3\\vendor\\laravel\\framework\\src\\Illuminate\\View\\Engines\\CompilerEngine.php(59): Illuminate\\View\\Engines\\PhpEngine->evaluatePath('C:\\\\Users\\\\Alexv\\\\...', Array)
#2 C:\\MAMP\\htdocs\\MilestonePHP3\\vendor\\laravel\\framework\\src\\Illuminate\\View\\View.php(142): Illuminate\\View\\Engines\\CompilerEngine->get('C:\\\\Users\\\\Alexv\\\\...', Array)
#3 C:\\MAMP\\htdocs\\MilestonePHP3\\vendor\\laravel\\framework\\src\\Illuminate\\View\\View.php(125): Illuminate\\View\\View->getContents()
#4 C:\\MAMP\\htdocs\\MilestonePHP3\\vendor\\laravel\\framework\\src\\Illuminate\\View\\View.php(90): Illuminate\\View\\View->renderContents()
#5 C:\\MAMP\\htdocs\\MilestonePHP3\\vendor\\laravel\\framework\\src\\Illuminate\\Http\\Response.php(42): Illuminate\\View\\View->render()
#6 C:\\MAMP\\htdocs\\MilestonePHP3\\vendor\\symfony\\http-foundation\\Response.php(205): Illuminate\\Http\\Response->setContent(Object(Illuminate\\View\\View))
#7 C:\\MAMP\\htdocs\\MilestonePHP3\\vendor\\laravel\\framework\\src\\Illuminate\\Routing\\Router.php(748): Symfony\\Component\\HttpFoundation\\Response->__construct(Object(Illuminate\\View\\View))
#8 C:\\MAMP\\htdocs\\MilestonePHP3\\vendor\\laravel\\framework\\src\\Illuminate\\Routing\\Router.php(720): Illuminate\\Routing\\Router::toResponse(Object(Illuminate\\Http\\Request), Object(Illuminate\\View\\View))
#9 C:\\MAMP\\htdocs\\MilestonePHP3\\vendor\\laravel\\framework\\src\\Illuminate\\Routing\\Router.php(680): Illuminate\\Routing\\Router->prepareResponse(Object(Illuminate\\Http\\Request), Object(Illuminate\\View\\View))
#10 C:\\MAMP\\htdocs\\MilestonePHP3\\vendor\\laravel\\framework\\src\\Illuminate\\Routing\\Pipeline.php(30): Illuminate\\Routing\\Router->Illuminate\\Routing\\{closure}(Object(Illuminate\\Http\\Request))
#11 C:\\MAMP\\htdocs\\MilestonePHP3\\app\\Http\\Middleware\\MiddlewareService.php(49): Illuminate\\Routing\\Pipeline->Illuminate\\Routing\\{closure}(Object(Illuminate\\Http\\Request))
#12 C:\\MAMP\\htdocs\\MilestonePHP3\\vendor\\laravel\\framework\\src\\Illuminate\\Pipeline\\Pipeline.php(163): App\\Http\\Middleware\\MiddlewareService->handle(Object(Illuminate\\Http\\Request), Object(Closure))
#13 C:\\MAMP\\htdocs\\MilestonePHP3\\vendor\\laravel\\framework\\src\\Illuminate\\Routing\\Pipeline.php(53): Illuminate\\Pipeline\\Pipeline->Illuminate\\Pipeline\\{closure}(Object(Illuminate\\Http\\Request))
#14 C:\\MAMP\\htdocs\\MilestonePHP3\\vendor\\laravel\\framework\\src\\Illuminate\\Routing\\Middleware\\SubstituteBindings.php(41): Illuminate\\Routing\\Pipeline->Illuminate\\Routing\\{closure}(Object(Illuminate\\Http\\Request))
#15 C:\\MAMP\\htdocs\\MilestonePHP3\\vendor\\laravel\\framework\\src\\Illuminate\\Pipeline\\Pipeline.php(163): Illuminate\\Routing\\Middleware\\SubstituteBindings->handle(Object(Illuminate\\Http\\Request), Object(Closure))
#16 C:\\MAMP\\htdocs\\MilestonePHP3\\vendor\\laravel\\framework\\src\\Illuminate\\Routing\\Pipeline.php(53): Illuminate\\Pipeline\\Pipeline->Illuminate\\Pipeline\\{closure}(Object(Illuminate\\Http\\Request))
#17 C:\\MAMP\\htdocs\\MilestonePHP3\\vendor\\laravel\\framework\\src\\Illuminate\\Foundation\\Http\\Middleware\\VerifyCsrfToken.php(75): Illuminate\\Routing\\Pipeline->Illuminate\\Routing\\{closure}(Object(Illuminate\\Http\\Request))
#18 C:\\MAMP\\htdocs\\MilestonePHP3\\vendor\\laravel\\framework\\src\\Illuminate\\Pipeline\\Pipeline.php(163): Illuminate\\Foundation\\Http\\Middleware\\VerifyCsrfToken->handle(Object(Illuminate\\Http\\Request), Object(Closure))
#19 C:\\MAMP\\htdocs\\MilestonePHP3\\vendor\\laravel\\framework\\src\\Illuminate\\Routing\\Pipeline.php(53): Illuminate\\Pipeline\\Pipeline->Illuminate\\Pipeline\\{closure}(Object(Illuminate\\Http\\Request))
#20 C:\\MAMP\\htdocs\\MilestonePHP3\\vendor\\laravel\\framework\\src\\Illuminate\\View\\Middleware\\ShareErrorsFromSession.php(49): Illuminate\\Routing\\Pipeline->Illuminate\\Routing\\{closure}(Object(Illuminate\\Http\\Request))
#21 C:\\MAMP\\htdocs\\MilestonePHP3\\vendor\\laravel\\framework\\src\\Illuminate\\Pipeline\\Pipeline.php(163): Illuminate\\View\\Middleware\\ShareErrorsFromSession->handle(Object(Illuminate\\Http\\Request), Object(Closure))
#22 C:\\MAMP\\htdocs\\MilestonePHP3\\vendor\\laravel\\framework\\src\\Illuminate\\Routing\\Pipeline.php(53): Illuminate\\Pipeline\\Pipeline->Illuminate\\Pipeline\\{closure}(Object(Illuminate\\Http\\Request))
#23 C:\\MAMP\\htdocs\\MilestonePHP3\\vendor\\laravel\\framework\\src\\Illuminate\\Session\\Middleware\\StartSession.php(56): Illuminate\\Routing\\Pipeline->Illuminate\\Routing\\{closure}(Object(Illuminate\\Http\\Request))
#24 C:\\MAMP\\htdocs\\MilestonePHP3\\vendor\\laravel\\framework\\src\\Illuminate\\Pipeline\\Pipeline.php(163): Illuminate\\Session\\Middleware\\StartSession->handle(Object(Illuminate\\Http\\Request), Object(Closure))
#25 C:\\MAMP\\htdocs\\MilestonePHP3\\vendor\\laravel\\framework\\src\\Illuminate\\Routing\\Pipeline.php(53): Illuminate\\Pipeline\\Pipeline->Illuminate\\Pipeline\\{closure}(Object(Illuminate\\Http\\Request))
#26 C:\\MAMP\\htdocs\\MilestonePHP3\\vendor\\laravel\\framework\\src\\Illuminate\\Cookie\\Middleware\\AddQueuedCookiesToResponse.php(37): Illuminate\\Routing\\Pipeline->Illuminate\\Routing\\{closure}(Object(Illuminate\\Http\\Request))
#27 C:\\MAMP\\htdocs\\MilestonePHP3\\vendor\\laravel\\framework\\src\\Illuminate\\Pipeline\\Pipeline.php(163): Illuminate\\Cookie\\Middleware\\AddQueuedCookiesToResponse->handle(Object(Illuminate\\Http\\Request), Object(Closure))
#28 C:\\MAMP\\htdocs\\MilestonePHP3\\vendor\\laravel\\framework\\src\\Illuminate\\Routing\\Pipeline.php(53): Illuminate\\Pipeline\\Pipeline->Illuminate\\Pipeline\\{closure}(Object(Illuminate\\Http\\Request))
#29 C:\\MAMP\\htdocs\\MilestonePHP3\\vendor\\laravel\\framework\\src\\Illuminate\\Cookie\\Middleware\\EncryptCookies.php(66): Illuminate\\Routing\\Pipeline->Illuminate\\Routing\\{closure}(Object(Illuminate\\Http\\Request))
#30 C:\\MAMP\\htdocs\\MilestonePHP3\\vendor\\laravel\\framework\\src\\Illuminate\\Pipeline\\Pipeline.php(163): Illuminate\\Cookie\\Middleware\\EncryptCookies->handle(Object(Illuminate\\Http\\Request), Object(Closure))
#31 C:\\MAMP\\htdocs\\MilestonePHP3\\vendor\\laravel\\framework\\src\\Illuminate\\Routing\\Pipeline.php(53): Illuminate\\Pipeline\\Pipeline->Illuminate\\Pipeline\\{closure}(Object(Illuminate\\Http\\Request))
#32 C:\\MAMP\\htdocs\\MilestonePHP3\\vendor\\laravel\\framework\\src\\Illuminate\\Pipeline\\Pipeline.php(104): Illuminate\\Routing\\Pipeline->Illuminate\\Routing\\{closure}(Object(Illuminate\\Http\\Request))
#33 C:\\MAMP\\htdocs\\MilestonePHP3\\vendor\\laravel\\framework\\src\\Illuminate\\Routing\\Router.php(682): Illuminate\\Pipeline\\Pipeline->then(Object(Closure))
#34 C:\\MAMP\\htdocs\\MilestonePHP3\\vendor\\laravel\\framework\\src\\Illuminate\\Routing\\Router.php(657): Illuminate\\Routing\\Router->runRouteWithinStack(Object(Illuminate\\Routing\\Route), Object(Illuminate\\Http\\Request))
#35 C:\\MAMP\\htdocs\\MilestonePHP3\\vendor\\laravel\\framework\\src\\Illuminate\\Routing\\Router.php(623): Illuminate\\Routing\\Router->runRoute(Object(Illuminate\\Http\\Request), Object(Illuminate\\Routing\\Route))
#36 C:\\MAMP\\htdocs\\MilestonePHP3\\vendor\\laravel\\framework\\src\\Illuminate\\Routing\\Router.php(612): Illuminate\\Routing\\Router->dispatchToRoute(Object(Illuminate\\Http\\Request))
#37 C:\\MAMP\\htdocs\\MilestonePHP3\\vendor\\laravel\\framework\\src\\Illuminate\\Foundation\\Http\\Kernel.php(176): Illuminate\\Routing\\Router->dispatch(Object(Illuminate\\Http\\Request))
#38 C:\\MAMP\\htdocs\\MilestonePHP3\\vendor\\laravel\\framework\\src\\Illuminate\\Routing\\Pipeline.php(30): Illuminate\\Foundation\\Http\\Kernel->Illuminate\\Foundation\\Http\\{closure}(Object(Illuminate\\Http\\Request))
#39 C:\\MAMP\\htdocs\\MilestonePHP3\\vendor\\laravel\\framework\\src\\Illuminate\\Foundation\\Http\\Middleware\\TransformsRequest.php(21): Illuminate\\Routing\\Pipeline->Illuminate\\Routing\\{closure}(Object(Illuminate\\Http\\Request))
#40 C:\\MAMP\\htdocs\\MilestonePHP3\\vendor\\laravel\\framework\\src\\Illuminate\\Pipeline\\Pipeline.php(163): Illuminate\\Foundation\\Http\\Middleware\\TransformsRequest->handle(Object(Illuminate\\Http\\Request), Object(Closure))
#41 C:\\MAMP\\htdocs\\MilestonePHP3\\vendor\\laravel\\framework\\src\\Illuminate\\Routing\\Pipeline.php(53): Illuminate\\Pipeline\\Pipeline->Illuminate\\Pipeline\\{closure}(Object(Illuminate\\Http\\Request))
#42 C:\\MAMP\\htdocs\\MilestonePHP3\\vendor\\laravel\\framework\\src\\Illuminate\\Foundation\\Http\\Middleware\\TransformsRequest.php(21): Illuminate\\Routing\\Pipeline->Illuminate\\Routing\\{closure}(Object(Illuminate\\Http\\Request))
#43 C:\\MAMP\\htdocs\\MilestonePHP3\\vendor\\laravel\\framework\\src\\Illuminate\\Pipeline\\Pipeline.php(163): Illuminate\\Foundation\\Http\\Middleware\\TransformsRequest->handle(Object(Illuminate\\Http\\Request), Object(Closure))
#44 C:\\MAMP\\htdocs\\MilestonePHP3\\vendor\\laravel\\framework\\src\\Illuminate\\Routing\\Pipeline.php(53): Illuminate\\Pipeline\\Pipeline->Illuminate\\Pipeline\\{closure}(Object(Illuminate\\Http\\Request))
#45 C:\\MAMP\\htdocs\\MilestonePHP3\\vendor\\laravel\\framework\\src\\Illuminate\\Foundation\\Http\\Middleware\\ValidatePostSize.php(27): Illuminate\\Routing\\Pipeline->Illuminate\\Routing\\{closure}(Object(Illuminate\\Http\\Request))
#46 C:\\MAMP\\htdocs\\MilestonePHP3\\vendor\\laravel\\framework\\src\\Illuminate\\Pipeline\\Pipeline.php(163): Illuminate\\Foundation\\Http\\Middleware\\ValidatePostSize->handle(Object(Illuminate\\Http\\Request), Object(Closure))
#47 C:\\MAMP\\htdocs\\MilestonePHP3\\vendor\\laravel\\framework\\src\\Illuminate\\Routing\\Pipeline.php(53): Illuminate\\Pipeline\\Pipeline->Illuminate\\Pipeline\\{closure}(Object(Illuminate\\Http\\Request))
#48 C:\\MAMP\\htdocs\\MilestonePHP3\\vendor\\laravel\\framework\\src\\Illuminate\\Foundation\\Http\\Middleware\\CheckForMaintenanceMode.php(62): Illuminate\\Routing\\Pipeline->Illuminate\\Routing\\{closure}(Object(Illuminate\\Http\\Request))
#49 C:\\MAMP\\htdocs\\MilestonePHP3\\vendor\\laravel\\framework\\src\\Illuminate\\Pipeline\\Pipeline.php(163): Illuminate\\Foundation\\Http\\Middleware\\CheckForMaintenanceMode->handle(Object(Illuminate\\Http\\Request), Object(Closure))
#50 C:\\MAMP\\htdocs\\MilestonePHP3\\vendor\\laravel\\framework\\src\\Illuminate\\Routing\\Pipeline.php(53): Illuminate\\Pipeline\\Pipeline->Illuminate\\Pipeline\\{closure}(Object(Illuminate\\Http\\Request))
#51 C:\\MAMP\\htdocs\\MilestonePHP3\\vendor\\fideloper\\proxy\\src\\TrustProxies.php(57): Illuminate\\Routing\\Pipeline->Illuminate\\Routing\\{closure}(Object(Illuminate\\Http\\Request))
#52 C:\\MAMP\\htdocs\\MilestonePHP3\\vendor\\laravel\\framework\\src\\Illuminate\\Pipeline\\Pipeline.php(163): Fideloper\\Proxy\\TrustProxies->handle(Object(Illuminate\\Http\\Request), Object(Closure))
#53 C:\\MAMP\\htdocs\\MilestonePHP3\\vendor\\laravel\\framework\\src\\Illuminate\\Routing\\Pipeline.php(53): Illuminate\\Pipeline\\Pipeline->Illuminate\\Pipeline\\{closure}(Object(Illuminate\\Http\\Request))
#54 C:\\MAMP\\htdocs\\MilestonePHP3\\vendor\\laravel\\framework\\src\\Illuminate\\Pipeline\\Pipeline.php(104): Illuminate\\Routing\\Pipeline->Illuminate\\Routing\\{closure}(Object(Illuminate\\Http\\Request))
#55 C:\\MAMP\\htdocs\\MilestonePHP3\\vendor\\laravel\\framework\\src\\Illuminate\\Foundation\\Http\\Kernel.php(151): Illuminate\\Pipeline\\Pipeline->then(Object(Closure))
#56 C:\\MAMP\\htdocs\\MilestonePHP3\\vendor\\laravel\\framework\\src\\Illuminate\\Foundation\\Http\\Kernel.php(116): Illuminate\\Foundation\\Http\\Kernel->sendRequestThroughRouter(Object(Illuminate\\Http\\Request))
#57 C:\\MAMP\\htdocs\\MilestonePHP3\\public\\index.php(55): Illuminate\\Foundation\\Http\\Kernel->handle(Object(Illuminate\\Http\\Request))
#58 {main}
"} 
[2021-04-17 02:59:54] local.INFO: Entering MiddleWareService in handle() at path: readJobPosting  
[2021-04-17 02:59:54] local.INFO: Security Middleware in handle()... needs security  
[2021-04-17 02:59:54] local.INFO: This is the session in middleware:   
[2021-04-17 02:59:54] local.INFO: This is the session username: Alex  
[2021-04-17 02:59:54] local.INFO: Entering the JobPostingController readAllJobPosting()  
[2021-04-17 02:59:54] local.INFO: read method within JobPostingController was executed  
[2021-04-17 02:59:54] local.ERROR: Undefined variable: JobHistoryModel (View: C:\Users\Alexv\Documents\1.LaravelWorkspace\MilestonePHP3\resources\views\ReadJobPosting.blade.php) {"exception":"[object] (ErrorException(code: 0): Undefined variable: JobHistoryModel (View: C:\\Users\\Alexv\\Documents\\1.LaravelWorkspace\\MilestonePHP3\esources\\views\\ReadJobPosting.blade.php) at C:\\Users\\Alexv\\Documents\\1.LaravelWorkspace\\MilestonePHP3\\storage\\framework\\views\\0b0cbe96fccde2ed47494b7d156d5a1258585a47.php:44, ErrorException(code: 0): Undefined variable: JobHistoryModel at C:\\Users\\Alexv\\Documents\\1.LaravelWorkspace\\MilestonePHP3\\storage\\framework\\views\\0b0cbe96fccde2ed47494b7d156d5a1258585a47.php:44)
[stacktrace]
#0 C:\\MAMP\\htdocs\\MilestonePHP3\\vendor\\laravel\\framework\\src\\Illuminate\\View\\Engines\\PhpEngine.php(45): Illuminate\\View\\Engines\\CompilerEngine->handleViewException(Object(ErrorException), 2)
#1 C:\\MAMP\\htdocs\\MilestonePHP3\\vendor\\laravel\\framework\\src\\Illuminate\\View\\Engines\\CompilerEngine.php(59): Illuminate\\View\\Engines\\PhpEngine->evaluatePath('C:\\\\Users\\\\Alexv\\\\...', Array)
#2 C:\\MAMP\\htdocs\\MilestonePHP3\\vendor\\laravel\\framework\\src\\Illuminate\\View\\View.php(142): Illuminate\\View\\Engines\\CompilerEngine->get('C:\\\\Users\\\\Alexv\\\\...', Array)
#3 C:\\MAMP\\htdocs\\MilestonePHP3\\vendor\\laravel\\framework\\src\\Illuminate\\View\\View.php(125): Illuminate\\View\\View->getContents()
#4 C:\\MAMP\\htdocs\\MilestonePHP3\\vendor\\laravel\\framework\\src\\Illuminate\\View\\View.php(90): Illuminate\\View\\View->renderContents()
#5 C:\\MAMP\\htdocs\\MilestonePHP3\\vendor\\laravel\\framework\\src\\Illuminate\\Http\\Response.php(42): Illuminate\\View\\View->render()
#6 C:\\MAMP\\htdocs\\MilestonePHP3\\vendor\\symfony\\http-foundation\\Response.php(205): Illuminate\\Http\\Response->setContent(Object(Illuminate\\View\\View))
#7 C:\\MAMP\\htdocs\\MilestonePHP3\\vendor\\laravel\\framework\\src\\Illuminate\\Routing\\Router.php(748): Symfony\\Component\\HttpFoundation\\Response->__construct(Object(Illuminate\\View\\View))
#8 C:\\MAMP\\htdocs\\MilestonePHP3\\vendor\\laravel\\framework\\src\\Illuminate\\Routing\\Router.php(720): Illuminate\\Routing\\Router::toResponse(Object(Illuminate\\Http\\Request), Object(Illuminate\\View\\View))
#9 C:\\MAMP\\htdocs\\MilestonePHP3\\vendor\\laravel\\framework\\src\\Illuminate\\Routing\\Router.php(680): Illuminate\\Routing\\Router->prepareResponse(Object(Illuminate\\Http\\Request), Object(Illuminate\\View\\View))
#10 C:\\MAMP\\htdocs\\MilestonePHP3\\vendor\\laravel\\framework\\src\\Illuminate\\Routing\\Pipeline.php(30): Illuminate\\Routing\\Router->Illuminate\\Routing\\{closure}(Object(Illuminate\\Http\\Request))
#11 C:\\MAMP\\htdocs\\MilestonePHP3\\app\\Http\\Middleware\\MiddlewareService.php(49): Illuminate\\Routing\\Pipeline->Illuminate\\Routing\\{closure}(Object(Illuminate\\Http\\Request))
#12 C:\\MAMP\\htdocs\\MilestonePHP3\\vendor\\laravel\\framework\\src\\Illuminate\\Pipeline\\Pipeline.php(163): App\\Http\\Middleware\\MiddlewareService->handle(Object(Illuminate\\Http\\Request), Object(Closure))
#13 C:\\MAMP\\htdocs\\MilestonePHP3\\vendor\\laravel\\framework\\src\\Illuminate\\Routing\\Pipeline.php(53): Illuminate\\Pipeline\\Pipeline->Illuminate\\Pipeline\\{closure}(Object(Illuminate\\Http\\Request))
#14 C:\\MAMP\\htdocs\\MilestonePHP3\\vendor\\laravel\\framework\\src\\Illuminate\\Routing\\Middleware\\SubstituteBindings.php(41): Illuminate\\Routing\\Pipeline->Illuminate\\Routing\\{closure}(Object(Illuminate\\Http\\Request))
#15 C:\\MAMP\\htdocs\\MilestonePHP3\\vendor\\laravel\\framework\\src\\Illuminate\\Pipeline\\Pipeline.php(163): Illuminate\\Routing\\Middleware\\SubstituteBindings->handle(Object(Illuminate\\Http\\Request), Object(Closure))
#16 C:\\MAMP\\htdocs\\MilestonePHP3\\vendor\\laravel\\framework\\src\\Illuminate\\Routing\\Pipeline.php(53): Illuminate\\Pipeline\\Pipeline->Illuminate\\Pipeline\\{closure}(Object(Illuminate\\Http\\Request))
#17 C:\\MAMP\\htdocs\\MilestonePHP3\\vendor\\laravel\\framework\\src\\Illuminate\\Foundation\\Http\\Middleware\\VerifyCsrfToken.php(75): Illuminate\\Routing\\Pipeline->Illuminate\\Routing\\{closure}(Object(Illuminate\\Http\\Request))
#18 C:\\MAMP\\htdocs\\MilestonePHP3\\vendor\\laravel\\framework\\src\\Illuminate\\Pipeline\\Pipeline.php(163): Illuminate\\Foundation\\Http\\Middleware\\VerifyCsrfToken->handle(Object(Illuminate\\Http\\Request), Object(Closure))
#19 C:\\MAMP\\htdocs\\MilestonePHP3\\vendor\\laravel\\framework\\src\\Illuminate\\Routing\\Pipeline.php(53): Illuminate\\Pipeline\\Pipeline->Illuminate\\Pipeline\\{closure}(Object(Illuminate\\Http\\Request))
#20 C:\\MAMP\\htdocs\\MilestonePHP3\\vendor\\laravel\\framework\\src\\Illuminate\\View\\Middleware\\ShareErrorsFromSession.php(49): Illuminate\\Routing\\Pipeline->Illuminate\\Routing\\{closure}(Object(Illuminate\\Http\\Request))
#21 C:\\MAMP\\htdocs\\MilestonePHP3\\vendor\\laravel\\framework\\src\\Illuminate\\Pipeline\\Pipeline.php(163): Illuminate\\View\\Middleware\\ShareErrorsFromSession->handle(Object(Illuminate\\Http\\Request), Object(Closure))
#22 C:\\MAMP\\htdocs\\MilestonePHP3\\vendor\\laravel\\framework\\src\\Illuminate\\Routing\\Pipeline.php(53): Illuminate\\Pipeline\\Pipeline->Illuminate\\Pipeline\\{closure}(Object(Illuminate\\Http\\Request))
#23 C:\\MAMP\\htdocs\\MilestonePHP3\\vendor\\laravel\\framework\\src\\Illuminate\\Session\\Middleware\\StartSession.php(56): Illuminate\\Routing\\Pipeline->Illuminate\\Routing\\{closure}(Object(Illuminate\\Http\\Request))
#24 C:\\MAMP\\htdocs\\MilestonePHP3\\vendor\\laravel\\framework\\src\\Illuminate\\Pipeline\\Pipeline.php(163): Illuminate\\Session\\Middleware\\StartSession->handle(Object(Illuminate\\Http\\Request), Object(Closure))
#25 C:\\MAMP\\htdocs\\MilestonePHP3\\vendor\\laravel\\framework\\src\\Illuminate\\Routing\\Pipeline.php(53): Illuminate\\Pipeline\\Pipeline->Illuminate\\Pipeline\\{closure}(Object(Illuminate\\Http\\Request))
#26 C:\\MAMP\\htdocs\\MilestonePHP3\\vendor\\laravel\\framework\\src\\Illuminate\\Cookie\\Middleware\\AddQueuedCookiesToResponse.php(37): Illuminate\\Routing\\Pipeline->Illuminate\\Routing\\{closure}(Object(Illuminate\\Http\\Request))
#27 C:\\MAMP\\htdocs\\MilestonePHP3\\vendor\\laravel\\framework\\src\\Illuminate\\Pipeline\\Pipeline.php(163): Illuminate\\Cookie\\Middleware\\AddQueuedCookiesToResponse->handle(Object(Illuminate\\Http\\Request), Object(Closure))
#28 C:\\MAMP\\htdocs\\MilestonePHP3\\vendor\\laravel\\framework\\src\\Illuminate\\Routing\\Pipeline.php(53): Illuminate\\Pipeline\\Pipeline->Illuminate\\Pipeline\\{closure}(Object(Illuminate\\Http\\Request))
#29 C:\\MAMP\\htdocs\\MilestonePHP3\\vendor\\laravel\\framework\\src\\Illuminate\\Cookie\\Middleware\\EncryptCookies.php(66): Illuminate\\Routing\\Pipeline->Illuminate\\Routing\\{closure}(Object(Illuminate\\Http\\Request))
#30 C:\\MAMP\\htdocs\\MilestonePHP3\\vendor\\laravel\\framework\\src\\Illuminate\\Pipeline\\Pipeline.php(163): Illuminate\\Cookie\\Middleware\\EncryptCookies->handle(Object(Illuminate\\Http\\Request), Object(Closure))
#31 C:\\MAMP\\htdocs\\MilestonePHP3\\vendor\\laravel\\framework\\src\\Illuminate\\Routing\\Pipeline.php(53): Illuminate\\Pipeline\\Pipeline->Illuminate\\Pipeline\\{closure}(Object(Illuminate\\Http\\Request))
#32 C:\\MAMP\\htdocs\\MilestonePHP3\\vendor\\laravel\\framework\\src\\Illuminate\\Pipeline\\Pipeline.php(104): Illuminate\\Routing\\Pipeline->Illuminate\\Routing\\{closure}(Object(Illuminate\\Http\\Request))
#33 C:\\MAMP\\htdocs\\MilestonePHP3\\vendor\\laravel\\framework\\src\\Illuminate\\Routing\\Router.php(682): Illuminate\\Pipeline\\Pipeline->then(Object(Closure))
#34 C:\\MAMP\\htdocs\\MilestonePHP3\\vendor\\laravel\\framework\\src\\Illuminate\\Routing\\Router.php(657): Illuminate\\Routing\\Router->runRouteWithinStack(Object(Illuminate\\Routing\\Route), Object(Illuminate\\Http\\Request))
#35 C:\\MAMP\\htdocs\\MilestonePHP3\\vendor\\laravel\\framework\\src\\Illuminate\\Routing\\Router.php(623): Illuminate\\Routing\\Router->runRoute(Object(Illuminate\\Http\\Request), Object(Illuminate\\Routing\\Route))
#36 C:\\MAMP\\htdocs\\MilestonePHP3\\vendor\\laravel\\framework\\src\\Illuminate\\Routing\\Router.php(612): Illuminate\\Routing\\Router->dispatchToRoute(Object(Illuminate\\Http\\Request))
#37 C:\\MAMP\\htdocs\\MilestonePHP3\\vendor\\laravel\\framework\\src\\Illuminate\\Foundation\\Http\\Kernel.php(176): Illuminate\\Routing\\Router->dispatch(Object(Illuminate\\Http\\Request))
#38 C:\\MAMP\\htdocs\\MilestonePHP3\\vendor\\laravel\\framework\\src\\Illuminate\\Routing\\Pipeline.php(30): Illuminate\\Foundation\\Http\\Kernel->Illuminate\\Foundation\\Http\\{closure}(Object(Illuminate\\Http\\Request))
#39 C:\\MAMP\\htdocs\\MilestonePHP3\\vendor\\laravel\\framework\\src\\Illuminate\\Foundation\\Http\\Middleware\\TransformsRequest.php(21): Illuminate\\Routing\\Pipeline->Illuminate\\Routing\\{closure}(Object(Illuminate\\Http\\Request))
#40 C:\\MAMP\\htdocs\\MilestonePHP3\\vendor\\laravel\\framework\\src\\Illuminate\\Pipeline\\Pipeline.php(163): Illuminate\\Foundation\\Http\\Middleware\\TransformsRequest->handle(Object(Illuminate\\Http\\Request), Object(Closure))
#41 C:\\MAMP\\htdocs\\MilestonePHP3\\vendor\\laravel\\framework\\src\\Illuminate\\Routing\\Pipeline.php(53): Illuminate\\Pipeline\\Pipeline->Illuminate\\Pipeline\\{closure}(Object(Illuminate\\Http\\Request))
#42 C:\\MAMP\\htdocs\\MilestonePHP3\\vendor\\laravel\\framework\\src\\Illuminate\\Foundation\\Http\\Middleware\\TransformsRequest.php(21): Illuminate\\Routing\\Pipeline->Illuminate\\Routing\\{closure}(Object(Illuminate\\Http\\Request))
#43 C:\\MAMP\\htdocs\\MilestonePHP3\\vendor\\laravel\\framework\\src\\Illuminate\\Pipeline\\Pipeline.php(163): Illuminate\\Foundation\\Http\\Middleware\\TransformsRequest->handle(Object(Illuminate\\Http\\Request), Object(Closure))
#44 C:\\MAMP\\htdocs\\MilestonePHP3\\vendor\\laravel\\framework\\src\\Illuminate\\Routing\\Pipeline.php(53): Illuminate\\Pipeline\\Pipeline->Illuminate\\Pipeline\\{closure}(Object(Illuminate\\Http\\Request))
#45 C:\\MAMP\\htdocs\\MilestonePHP3\\vendor\\laravel\\framework\\src\\Illuminate\\Foundation\\Http\\Middleware\\ValidatePostSize.php(27): Illuminate\\Routing\\Pipeline->Illuminate\\Routing\\{closure}(Object(Illuminate\\Http\\Request))
#46 C:\\MAMP\\htdocs\\MilestonePHP3\\vendor\\laravel\\framework\\src\\Illuminate\\Pipeline\\Pipeline.php(163): Illuminate\\Foundation\\Http\\Middleware\\ValidatePostSize->handle(Object(Illuminate\\Http\\Request), Object(Closure))
#47 C:\\MAMP\\htdocs\\MilestonePHP3\\vendor\\laravel\\framework\\src\\Illuminate\\Routing\\Pipeline.php(53): Illuminate\\Pipeline\\Pipeline->Illuminate\\Pipeline\\{closure}(Object(Illuminate\\Http\\Request))
#48 C:\\MAMP\\htdocs\\MilestonePHP3\\vendor\\laravel\\framework\\src\\Illuminate\\Foundation\\Http\\Middleware\\CheckForMaintenanceMode.php(62): Illuminate\\Routing\\Pipeline->Illuminate\\Routing\\{closure}(Object(Illuminate\\Http\\Request))
#49 C:\\MAMP\\htdocs\\MilestonePHP3\\vendor\\laravel\\framework\\src\\Illuminate\\Pipeline\\Pipeline.php(163): Illuminate\\Foundation\\Http\\Middleware\\CheckForMaintenanceMode->handle(Object(Illuminate\\Http\\Request), Object(Closure))
#50 C:\\MAMP\\htdocs\\MilestonePHP3\\vendor\\laravel\\framework\\src\\Illuminate\\Routing\\Pipeline.php(53): Illuminate\\Pipeline\\Pipeline->Illuminate\\Pipeline\\{closure}(Object(Illuminate\\Http\\Request))
#51 C:\\MAMP\\htdocs\\MilestonePHP3\\vendor\\fideloper\\proxy\\src\\TrustProxies.php(57): Illuminate\\Routing\\Pipeline->Illuminate\\Routing\\{closure}(Object(Illuminate\\Http\\Request))
#52 C:\\MAMP\\htdocs\\MilestonePHP3\\vendor\\laravel\\framework\\src\\Illuminate\\Pipeline\\Pipeline.php(163): Fideloper\\Proxy\\TrustProxies->handle(Object(Illuminate\\Http\\Request), Object(Closure))
#53 C:\\MAMP\\htdocs\\MilestonePHP3\\vendor\\laravel\\framework\\src\\Illuminate\\Routing\\Pipeline.php(53): Illuminate\\Pipeline\\Pipeline->Illuminate\\Pipeline\\{closure}(Object(Illuminate\\Http\\Request))
#54 C:\\MAMP\\htdocs\\MilestonePHP3\\vendor\\laravel\\framework\\src\\Illuminate\\Pipeline\\Pipeline.php(104): Illuminate\\Routing\\Pipeline->Illuminate\\Routing\\{closure}(Object(Illuminate\\Http\\Request))
#55 C:\\MAMP\\htdocs\\MilestonePHP3\\vendor\\laravel\\framework\\src\\Illuminate\\Foundation\\Http\\Kernel.php(151): Illuminate\\Pipeline\\Pipeline->then(Object(Closure))
#56 C:\\MAMP\\htdocs\\MilestonePHP3\\vendor\\laravel\\framework\\src\\Illuminate\\Foundation\\Http\\Kernel.php(116): Illuminate\\Foundation\\Http\\Kernel->sendRequestThroughRouter(Object(Illuminate\\Http\\Request))
#57 C:\\MAMP\\htdocs\\MilestonePHP3\\public\\index.php(55): Illuminate\\Foundation\\Http\\Kernel->handle(Object(Illuminate\\Http\\Request))
#58 {main}
"} 
[2021-04-17 03:00:41] local.INFO: Entering MiddleWareService in handle() at path: searchjob  
[2021-04-17 03:00:41] local.INFO: Security Middleware in handle()... needs security  
[2021-04-17 03:00:41] local.INFO: This is the session in middleware:   
[2021-04-17 03:00:41] local.INFO: This is the session username: Alex  
[2021-04-17 03:00:42] local.INFO: Entering MiddleWareService in handle() at path: readJobPosting  
[2021-04-17 03:00:42] local.INFO: Security Middleware in handle()... needs security  
[2021-04-17 03:00:42] local.INFO: This is the session in middleware:   
[2021-04-17 03:00:42] local.INFO: This is the session username: Alex  
[2021-04-17 03:00:42] local.INFO: Entering the JobPostingController readAllJobPosting()  
[2021-04-17 03:00:42] local.INFO: read method within JobPostingController was executed  
[2021-04-17 03:02:04] local.INFO: Entering MiddleWareService in handle() at path: myprofile  
[2021-04-17 03:02:04] local.INFO: Security Middleware in handle()... needs security  
[2021-04-17 03:02:04] local.INFO: This is the session in middleware:   
[2021-04-17 03:02:04] local.INFO: This is the session username: Alex  
[2021-04-17 03:02:04] local.INFO: UpdateuserProfile method within UserAuthController. User Email: alex.vergara009@gmail.com  
[2021-04-17 03:02:04] local.INFO: userLogin method within UserAuthController was executed  
[2021-04-17 03:02:05] local.INFO: Entering MiddleWareService in handle() at path: admin  
[2021-04-17 03:02:05] local.INFO: Security Middleware in handle()... needs security  
[2021-04-17 03:02:05] local.INFO: This is the session in middleware:   
[2021-04-17 03:02:05] local.INFO: This is the session username: Alex  
[2021-04-17 03:02:05] local.INFO: Entering the AdminManagementController readAllUsers()  
[2021-04-17 03:02:06] local.INFO: read method within GroupController was executed  
[2021-04-17 03:02:08] local.INFO: Entering MiddleWareService in handle() at path: admin  
[2021-04-17 03:02:08] local.INFO: Security Middleware in handle()... needs security  
[2021-04-17 03:02:08] local.INFO: This is the session in middleware:   
[2021-04-17 03:02:08] local.INFO: This is the session username: Alex  
[2021-04-17 03:02:08] local.INFO: Entering the AdminManagementController readAllUsers()  
[2021-04-17 03:02:08] local.INFO: read method within GroupController was executed  
[2021-04-17 03:02:10] local.INFO: Entering MiddleWareService in handle() at path: createGroup  
[2021-04-17 03:02:10] local.INFO: Security Middleware in handle()... needs security  
[2021-04-17 03:02:10] local.INFO: This is the session in middleware:   
[2021-04-17 03:02:10] local.INFO: This is the session username: Alex  
[2021-04-17 03:02:12] local.INFO: Entering MiddleWareService in handle() at path: adminViewGroup  
[2021-04-17 03:02:12] local.INFO: Security Middleware in handle()... needs security  
[2021-04-17 03:02:12] local.INFO: This is the session in middleware:   
[2021-04-17 03:02:12] local.INFO: This is the session username: Alex  
[2021-04-17 03:02:12] local.INFO: Entering the AdminManagementController adminViewGroups()  
[2021-04-17 03:02:13] local.INFO: getAllGroup method within GroupController was executed  
[2021-04-17 03:02:16] local.INFO: Entering MiddleWareService in handle() at path: createGroup  
[2021-04-17 03:02:16] local.INFO: Security Middleware in handle()... needs security  
[2021-04-17 03:02:16] local.INFO: This is the session in middleware:   
[2021-04-17 03:02:16] local.INFO: This is the session username: Alex  
[2021-04-17 03:02:18] local.INFO: Entering MiddleWareService in handle() at path: admin  
[2021-04-17 03:02:18] local.INFO: Security Middleware in handle()... needs security  
[2021-04-17 03:02:18] local.INFO: This is the session in middleware:   
[2021-04-17 03:02:18] local.INFO: This is the session username: Alex  
[2021-04-17 03:02:18] local.INFO: Entering the AdminManagementController readAllUsers()  
[2021-04-17 03:02:18] local.INFO: read method within GroupController was executed  
[2021-04-17 03:02:21] local.INFO: Entering MiddleWareService in handle() at path: admin  
[2021-04-17 03:02:21] local.INFO: Security Middleware in handle()... needs security  
[2021-04-17 03:02:21] local.INFO: This is the session in middleware:   
[2021-04-17 03:02:21] local.INFO: This is the session username: Alex  
[2021-04-17 03:02:21] local.INFO: Entering the AdminManagementController readAllUsers()  
[2021-04-17 03:02:21] local.INFO: read method within GroupController was executed  
[2021-04-17 03:05:51] local.INFO: Entering MiddleWareService in handle() at path: admin  
[2021-04-17 03:05:51] local.INFO: Security Middleware in handle()... needs security  
[2021-04-17 03:05:51] local.INFO: This is the session in middleware:   
[2021-04-17 03:05:51] local.INFO: This is the session username:   
[2021-04-17 03:05:51] local.INFO: Leaving MySecurityMiddleware in handle(), doing a redirect back to login  
[2021-04-17 03:05:52] local.INFO: Entering MiddleWareService in handle() at path: login  
[2021-04-17 03:05:52] local.INFO: Security middleware in handle()... no security Required  
[2021-04-17 03:05:52] local.INFO: This is the session in middleware:   
[2021-04-17 03:05:52] local.INFO: This is the session username:   
[2021-04-17 03:05:54] local.INFO: Entering MiddleWareService in handle() at path: login  
[2021-04-17 03:05:54] local.INFO: Security middleware in handle()... no security Required  
[2021-04-17 03:05:54] local.INFO: This is the session in middleware:   
[2021-04-17 03:05:54] local.INFO: This is the session username:   
[2021-04-17 03:06:17] local.INFO: Entering MiddleWareService in handle() at path: login  
[2021-04-17 03:06:17] local.INFO: Security middleware in handle()... no security Required  
[2021-04-17 03:06:17] local.INFO: This is the session in middleware:   
[2021-04-17 03:06:17] local.INFO: This is the session username:   
[2021-04-17 03:06:21] local.INFO: Entering MiddleWareService in handle() at path: login  
[2021-04-17 03:06:21] local.INFO: Security middleware in handle()... no security Required  
[2021-04-17 03:06:21] local.INFO: This is the session in middleware:   
[2021-04-17 03:06:21] local.INFO: This is the session username:   
[2021-04-17 03:06:21] local.INFO: Entering the loginController userLogin()  
[2021-04-17 03:06:21] local.INFO: userLogin method within UserAuthController was executed  
[2021-04-17 03:06:21] local.INFO: User exists in the database  
[2021-04-17 03:06:21] local.INFO: Parameters are :  {"username: ":"Alex","userID: ":"24","email: ":"alex.vergara009@gmail.com"} 
[2021-04-17 03:06:23] local.INFO: Entering MiddleWareService in handle() at path: admin  
[2021-04-17 03:06:23] local.INFO: Security Middleware in handle()... needs security  
[2021-04-17 03:06:23] local.INFO: This is the session in middleware:   
[2021-04-17 03:06:23] local.INFO: This is the session username: Alex  
[2021-04-17 03:06:23] local.INFO: Entering the AdminManagementController readAllUsers()  
[2021-04-17 03:06:23] local.INFO: read method within GroupController was executed  
[2021-04-17 03:07:01] local.INFO: Entering MiddleWareService in handle() at path: logout  
[2021-04-17 03:07:01] local.INFO: Security Middleware in handle()... needs security  
[2021-04-17 03:07:01] local.INFO: This is the session in middleware:   
[2021-04-17 03:07:01] local.INFO: This is the session username: Alex  
[2021-04-17 03:07:01] local.INFO: Entering the loginController logout()  
[2021-04-17 03:07:02] local.INFO: Entering MiddleWareService in handle() at path: logout  
[2021-04-17 03:07:02] local.INFO: Security Middleware in handle()... needs security  
[2021-04-17 03:07:02] local.INFO: This is the session in middleware:   
[2021-04-17 03:07:02] local.INFO: This is the session username:   
[2021-04-17 03:07:02] local.INFO: Leaving MySecurityMiddleware in handle(), doing a redirect back to login  
[2021-04-17 03:07:02] local.INFO: Entering MiddleWareService in handle() at path: login  
[2021-04-17 03:07:02] local.INFO: Security middleware in handle()... no security Required  
[2021-04-17 03:07:02] local.INFO: This is the session in middleware:   
[2021-04-17 03:07:02] local.INFO: This is the session username:   
[2021-04-17 03:07:08] local.INFO: Entering MiddleWareService in handle() at path: login  
[2021-04-17 03:07:08] local.INFO: Security middleware in handle()... no security Required  
[2021-04-17 03:07:08] local.INFO: This is the session in middleware:   
[2021-04-17 03:07:08] local.INFO: This is the session username:   
[2021-04-17 03:07:08] local.INFO: Entering the loginController userLogin()  
[2021-04-17 03:07:08] local.INFO: userLogin method within UserAuthController was executed  
[2021-04-17 03:07:09] local.INFO: User exists in the database  
[2021-04-17 03:07:09] local.INFO: Parameters are :  {"username: ":"Alex","userID: ":"24","email: ":"alex.vergara009@gmail.com"} 
[2021-04-17 03:07:10] local.INFO: Entering MiddleWareService in handle() at path: admin  
[2021-04-17 03:07:10] local.INFO: Security Middleware in handle()... needs security  
[2021-04-17 03:07:10] local.INFO: This is the session in middleware:   
[2021-04-17 03:07:10] local.INFO: This is the session username: Alex  
[2021-04-17 03:07:10] local.INFO: Entering the AdminManagementController readAllUsers()  
[2021-04-17 03:07:11] local.INFO: read method within GroupController was executed  
[2021-04-17 03:07:41] local.INFO: Entering MiddleWareService in handle() at path: logout  
[2021-04-17 03:07:41] local.INFO: Security Middleware in handle()... needs security  
[2021-04-17 03:07:41] local.INFO: This is the session in middleware:   
[2021-04-17 03:07:41] local.INFO: This is the session username: Alex  
[2021-04-17 03:07:41] local.INFO: Entering the loginController logout()  
[2021-04-17 03:07:48] local.INFO: Entering MiddleWareService in handle() at path: logout  
[2021-04-17 03:07:48] local.INFO: Security Middleware in handle()... needs security  
[2021-04-17 03:07:48] local.INFO: This is the session in middleware:   
[2021-04-17 03:07:48] local.INFO: This is the session username:   
[2021-04-17 03:07:48] local.INFO: Leaving MySecurityMiddleware in handle(), doing a redirect back to login  
[2021-04-17 03:07:48] local.INFO: Entering MiddleWareService in handle() at path: login  
[2021-04-17 03:07:48] local.INFO: Security middleware in handle()... no security Required  
[2021-04-17 03:07:48] local.INFO: This is the session in middleware:   
[2021-04-17 03:07:48] local.INFO: This is the session username:   
[2021-04-17 03:07:51] local.INFO: Entering MiddleWareService in handle() at path: login  
[2021-04-17 03:07:51] local.INFO: Security middleware in handle()... no security Required  
[2021-04-17 03:07:51] local.INFO: This is the session in middleware:   
[2021-04-17 03:07:51] local.INFO: This is the session username:   
[2021-04-17 03:07:51] local.INFO: Entering the loginController userLogin()  
[2021-04-17 03:07:51] local.INFO: userLogin method within UserAuthController was executed  
[2021-04-17 03:07:51] local.INFO: User exists in the database  
[2021-04-17 03:07:51] local.INFO: Parameters are :  {"username: ":"Alex","userID: ":"24","email: ":"alex.vergara009@gmail.com"} 
[2021-04-17 03:07:52] local.INFO: Entering MiddleWareService in handle() at path: admin  
[2021-04-17 03:07:52] local.INFO: Security Middleware in handle()... needs security  
[2021-04-17 03:07:52] local.INFO: This is the session in middleware:   
[2021-04-17 03:07:52] local.INFO: This is the session username: Alex  
[2021-04-17 03:07:52] local.INFO: Entering the AdminManagementController readAllUsers()  
[2021-04-17 03:07:53] local.INFO: read method within GroupController was executed  
[2021-04-17 03:30:35] local.INFO: Entering MiddleWareService in handle() at path: admin  
[2021-04-17 03:30:35] local.INFO: Security Middleware in handle()... needs security  
[2021-04-17 03:30:35] local.INFO: This is the session in middleware:   
[2021-04-17 03:30:35] local.INFO: This is the session username: Alex  
[2021-04-17 03:30:35] local.INFO: Entering the AdminManagementController readAllUsers()  
[2021-04-17 03:30:35] local.INFO: read method within GroupController was executed  
[2021-04-17 03:30:37] local.INFO: Entering MiddleWareService in handle() at path: email  
[2021-04-17 03:30:37] local.INFO: Security Middleware in handle()... needs security  
[2021-04-17 03:30:37] local.INFO: This is the session in middleware:   
[2021-04-17 03:30:37] local.INFO: This is the session username: Alex  
[2021-04-17 03:30:38] local.INFO: Entering MiddleWareService in handle() at path: admin  
[2021-04-17 03:30:38] local.INFO: Security Middleware in handle()... needs security  
[2021-04-17 03:30:38] local.INFO: This is the session in middleware:   
[2021-04-17 03:30:38] local.INFO: This is the session username: Alex  
[2021-04-17 03:30:38] local.INFO: Entering the AdminManagementController readAllUsers()  
[2021-04-17 03:30:38] local.INFO: read method within GroupController was executed  
[2021-04-17 03:30:45] local.INFO: Entering MiddleWareService in handle() at path: deleteUser  
[2021-04-17 03:30:45] local.INFO: Security Middleware in handle()... needs security  
[2021-04-17 03:30:45] local.INFO: This is the session in middleware:   
[2021-04-17 03:30:45] local.INFO: This is the session username: Alex  
[2021-04-17 03:30:45] local.INFO: Entering the AdminManagementController DeleteUser()  
[2021-04-17 03:30:45] local.INFO: delete method within GroupController was executed  
[2021-04-17 03:31:01] local.INFO: Entering MiddleWareService in handle() at path: admin  
[2021-04-17 03:31:01] local.INFO: Security Middleware in handle()... needs security  
[2021-04-17 03:31:01] local.INFO: This is the session in middleware:   
[2021-04-17 03:31:01] local.INFO: This is the session username: Alex  
[2021-04-17 03:31:01] local.INFO: Entering the AdminManagementController readAllUsers()  
[2021-04-17 03:31:01] local.INFO: read method within GroupController was executed  
[2021-04-17 03:31:16] local.INFO: Entering MiddleWareService in handle() at path: deleteUser  
[2021-04-17 03:31:16] local.INFO: Security Middleware in handle()... needs security  
[2021-04-17 03:31:16] local.INFO: This is the session in middleware:   
[2021-04-17 03:31:16] local.INFO: This is the session username: Alex  
[2021-04-17 03:31:16] local.INFO: Entering the AdminManagementController DeleteUser()  
[2021-04-17 03:31:16] local.INFO: delete method within GroupController was executed  
[2021-04-17 03:31:18] local.INFO: Entering MiddleWareService in handle() at path: admin  
[2021-04-17 03:31:18] local.INFO: Security Middleware in handle()... needs security  
[2021-04-17 03:31:18] local.INFO: This is the session in middleware:   
[2021-04-17 03:31:18] local.INFO: This is the session username: Alex  
[2021-04-17 03:31:18] local.INFO: Entering the AdminManagementController readAllUsers()  
[2021-04-17 03:31:18] local.INFO: read method within GroupController was executed  
[2021-04-17 03:31:25] local.INFO: Entering MiddleWareService in handle() at path: deleteUser  
[2021-04-17 03:31:25] local.INFO: Security Middleware in handle()... needs security  
[2021-04-17 03:31:25] local.INFO: This is the session in middleware:   
[2021-04-17 03:31:25] local.INFO: This is the session username: Alex  
[2021-04-17 03:31:25] local.INFO: Entering the AdminManagementController DeleteUser()  
[2021-04-17 03:31:26] local.INFO: delete method within GroupController was executed  
[2021-04-17 03:31:27] local.INFO: Entering MiddleWareService in handle() at path: admin  
[2021-04-17 03:31:27] local.INFO: Security Middleware in handle()... needs security  
[2021-04-17 03:31:27] local.INFO: This is the session in middleware:   
[2021-04-17 03:31:27] local.INFO: This is the session username: Alex  
[2021-04-17 03:31:27] local.INFO: Entering the AdminManagementController readAllUsers()  
[2021-04-17 03:31:28] local.INFO: read method within GroupController was executed  
[2021-04-17 03:31:34] local.INFO: Entering MiddleWareService in handle() at path: admin  
[2021-04-17 03:31:34] local.INFO: Security Middleware in handle()... needs security  
[2021-04-17 03:31:34] local.INFO: This is the session in middleware:   
[2021-04-17 03:31:34] local.INFO: This is the session username: Alex  
[2021-04-17 03:31:34] local.INFO: Entering the AdminManagementController readAllUsers()  
[2021-04-17 03:31:35] local.INFO: read method within GroupController was executed  
[2021-04-17 03:32:22] local.INFO: Entering MiddleWareService in handle() at path: deleteUser  
[2021-04-17 03:32:22] local.INFO: Security Middleware in handle()... needs security  
[2021-04-17 03:32:22] local.INFO: This is the session in middleware:   
[2021-04-17 03:32:22] local.INFO: This is the session username: Alex  
[2021-04-17 03:32:22] local.INFO: Entering the AdminManagementController DeleteUser()  
[2021-04-17 03:32:22] local.INFO: delete method within GroupController was executed  
[2021-04-17 03:32:25] local.INFO: Entering MiddleWareService in handle() at path: deleteUser  
[2021-04-17 03:32:25] local.INFO: Security Middleware in handle()... needs security  
[2021-04-17 03:32:25] local.INFO: This is the session in middleware:   
[2021-04-17 03:32:25] local.INFO: This is the session username: Alex  
[2021-04-17 03:32:25] local.INFO: Entering the AdminManagementController DeleteUser()  
[2021-04-17 03:32:26] local.INFO: delete method within GroupController was executed  
[2021-04-17 03:32:30] local.INFO: Entering MiddleWareService in handle() at path: deleteUser  
[2021-04-17 03:32:30] local.INFO: Security Middleware in handle()... needs security  
[2021-04-17 03:32:30] local.INFO: This is the session in middleware:   
[2021-04-17 03:32:30] local.INFO: This is the session username: Alex  
[2021-04-17 03:32:30] local.INFO: Entering the AdminManagementController DeleteUser()  
[2021-04-17 03:32:30] local.INFO: delete method within GroupController was executed  
[2021-04-17 03:32:34] local.INFO: Entering MiddleWareService in handle() at path: changeStatus  
[2021-04-17 03:32:34] local.INFO: Security Middleware in handle()... needs security  
[2021-04-17 03:32:34] local.INFO: This is the session in middleware:   
[2021-04-17 03:32:34] local.INFO: This is the session username: Alex  
[2021-04-17 03:32:34] local.INFO: Entering the AdminManagementController ChangeUserStatus()  
[2021-04-17 03:32:35] local.INFO: getJoinedGroup method within GroupController was executed  
[2021-04-17 03:32:49] local.INFO: Entering MiddleWareService in handle() at path: admin  
[2021-04-17 03:32:49] local.INFO: Security Middleware in handle()... needs security  
[2021-04-17 03:32:49] local.INFO: This is the session in middleware:   
[2021-04-17 03:32:49] local.INFO: This is the session username: Alex  
[2021-04-17 03:32:49] local.INFO: Entering the AdminManagementController readAllUsers()  
[2021-04-17 03:32:49] local.INFO: read method within GroupController was executed  
[2021-04-17 03:32:57] local.INFO: Entering MiddleWareService in handle() at path: changeStatus  
[2021-04-17 03:32:57] local.INFO: Security Middleware in handle()... needs security  
[2021-04-17 03:32:57] local.INFO: This is the session in middleware:   
[2021-04-17 03:32:57] local.INFO: This is the session username: Alex  
[2021-04-17 03:32:57] local.INFO: Entering the AdminManagementController ChangeUserStatus()  
[2021-04-17 03:32:58] local.INFO: getJoinedGroup method within GroupController was executed  
[2021-04-17 03:33:00] local.INFO: Entering MiddleWareService in handle() at path: logout  
[2021-04-17 03:33:00] local.INFO: Security Middleware in handle()... needs security  
[2021-04-17 03:33:00] local.INFO: This is the session in middleware:   
[2021-04-17 03:33:00] local.INFO: This is the session username: Alex  
[2021-04-17 03:33:00] local.INFO: Entering the loginController logout()  
[2021-04-17 03:33:02] local.INFO: Entering MiddleWareService in handle() at path: logout  
[2021-04-17 03:33:02] local.INFO: Security Middleware in handle()... needs security  
[2021-04-17 03:33:02] local.INFO: This is the session in middleware:   
[2021-04-17 03:33:02] local.INFO: This is the session username:   
[2021-04-17 03:33:02] local.INFO: Leaving MySecurityMiddleware in handle(), doing a redirect back to login  
[2021-04-17 03:33:02] local.INFO: Entering MiddleWareService in handle() at path: login  
[2021-04-17 03:33:02] local.INFO: Security middleware in handle()... no security Required  
[2021-04-17 03:33:02] local.INFO: This is the session in middleware:   
[2021-04-17 03:33:02] local.INFO: This is the session username:   
[2021-04-17 03:33:08] local.INFO: Entering MiddleWareService in handle() at path: login  
[2021-04-17 03:33:08] local.INFO: Security middleware in handle()... no security Required  
[2021-04-17 03:33:08] local.INFO: This is the session in middleware:   
[2021-04-17 03:33:08] local.INFO: This is the session username:   
[2021-04-17 03:33:08] local.INFO: Entering the loginController userLogin()  
[2021-04-17 03:33:08] local.INFO: userLogin method within UserAuthController was executed  
[2021-04-17 03:33:08] local.INFO: User exists in the database  
[2021-04-17 03:33:08] local.INFO: Parameters are :  {"username: ":"Alex","userID: ":"24","email: ":"alex.vergara009@gmail.com"} 
[2021-04-17 03:33:10] local.INFO: Entering MiddleWareService in handle() at path: admin  
[2021-04-17 03:33:10] local.INFO: Security Middleware in handle()... needs security  
[2021-04-17 03:33:10] local.INFO: This is the session in middleware:   
[2021-04-17 03:33:10] local.INFO: This is the session username: Alex  
[2021-04-17 03:33:10] local.INFO: Entering the AdminManagementController readAllUsers()  
[2021-04-17 03:33:10] local.INFO: read method within GroupController was executed  
[2021-04-17 03:56:34] local.INFO: Entering MiddleWareService in handle() at path: admin  
[2021-04-17 03:56:34] local.INFO: Security Middleware in handle()... needs security  
[2021-04-17 03:56:34] local.INFO: This is the session in middleware:   
[2021-04-17 03:56:34] local.INFO: This is the session username: Alex  
[2021-04-17 03:56:34] local.INFO: Entering the AdminManagementController readAllUsers()  
[2021-04-17 03:56:35] local.INFO: read method within GroupController was executed  
[2021-04-17 04:00:42] local.INFO: Entering MiddleWareService in handle() at path: admin  
[2021-04-17 04:00:42] local.INFO: Security Middleware in handle()... needs security  
[2021-04-17 04:00:42] local.INFO: This is the session in middleware:   
[2021-04-17 04:00:42] local.INFO: This is the session username: Alex  
[2021-04-17 04:00:42] local.INFO: Entering the AdminManagementController readAllUsers()  
[2021-04-17 04:00:42] local.INFO: read method within GroupController was executed  
[2021-04-17 04:03:00] local.INFO: Entering MiddleWareService in handle() at path: email  
[2021-04-17 04:03:00] local.INFO: Security Middleware in handle()... needs security  
[2021-04-17 04:03:00] local.INFO: This is the session in middleware:   
[2021-04-17 04:03:00] local.INFO: This is the session username: Alex  
[2021-04-17 04:03:01] local.INFO: Entering MiddleWareService in handle() at path: admin  
[2021-04-17 04:03:01] local.INFO: Security Middleware in handle()... needs security  
[2021-04-17 04:03:01] local.INFO: This is the session in middleware:   
[2021-04-17 04:03:01] local.INFO: This is the session username: Alex  
[2021-04-17 04:03:01] local.INFO: Entering the AdminManagementController readAllUsers()  
[2021-04-17 04:03:01] local.INFO: read method within GroupController was executed  
